Linked: (/home/h/RC2026/world_ws8/devel/.private/rc_msgs/include/rc_msgs/serial.h, /home/h/RC2026/world_ws8/devel/include/rc_msgs/serial.h)
Linked: (/home/h/RC2026/world_ws8/devel/.private/rc_msgs/include/rc_msgs/yolo_detector.h, /home/h/RC2026/world_ws8/devel/include/rc_msgs/yolo_detector.h)
Linked: (/home/h/RC2026/world_ws8/devel/.private/rc_msgs/include/rc_msgs/yolo_detectorArray.h, /home/h/RC2026/world_ws8/devel/include/rc_msgs/yolo_detectorArray.h)
Linked: (/home/h/RC2026/world_ws8/devel/.private/rc_msgs/share/rc_msgs/cmake/rc_msgsConfig.cmake, /home/h/RC2026/world_ws8/devel/share/rc_msgs/cmake/rc_msgsConfig.cmake)
Linked: (/home/h/RC2026/world_ws8/devel/.private/rc_msgs/share/rc_msgs/cmake/rc_msgs-msg-paths.cmake, /home/h/RC2026/world_ws8/devel/share/rc_msgs/cmake/rc_msgs-msg-paths.cmake)
Linked: (/home/h/RC2026/world_ws8/devel/.private/rc_msgs/share/rc_msgs/cmake/rc_msgsConfig-version.cmake, /home/h/RC2026/world_ws8/devel/share/rc_msgs/cmake/rc_msgsConfig-version.cmake)
Linked: (/home/h/RC2026/world_ws8/devel/.private/rc_msgs/share/rc_msgs/cmake/rc_msgs-msg-extras.cmake, /home/h/RC2026/world_ws8/devel/share/rc_msgs/cmake/rc_msgs-msg-extras.cmake)
Linked: (/home/h/RC2026/world_ws8/devel/.private/rc_msgs/share/roseus/ros/rc_msgs/manifest.l, /home/h/RC2026/world_ws8/devel/share/roseus/ros/rc_msgs/manifest.l)
Linked: (/home/h/RC2026/world_ws8/devel/.private/rc_msgs/share/roseus/ros/rc_msgs/msg/serial.l, /home/h/RC2026/world_ws8/devel/share/roseus/ros/rc_msgs/msg/serial.l)
Linked: (/home/h/RC2026/world_ws8/devel/.private/rc_msgs/share/roseus/ros/rc_msgs/msg/yolo_detectorArray.l, /home/h/RC2026/world_ws8/devel/share/roseus/ros/rc_msgs/msg/yolo_detectorArray.l)
Linked: (/home/h/RC2026/world_ws8/devel/.private/rc_msgs/share/roseus/ros/rc_msgs/msg/yolo_detector.l, /home/h/RC2026/world_ws8/devel/share/roseus/ros/rc_msgs/msg/yolo_detector.l)
Linked: (/home/h/RC2026/world_ws8/devel/.private/rc_msgs/share/gennodejs/ros/rc_msgs/_index.js, /home/h/RC2026/world_ws8/devel/share/gennodejs/ros/rc_msgs/_index.js)
Linked: (/home/h/RC2026/world_ws8/devel/.private/rc_msgs/share/gennodejs/ros/rc_msgs/msg/_index.js, /home/h/RC2026/world_ws8/devel/share/gennodejs/ros/rc_msgs/msg/_index.js)
Linked: (/home/h/RC2026/world_ws8/devel/.private/rc_msgs/share/gennodejs/ros/rc_msgs/msg/serial.js, /home/h/RC2026/world_ws8/devel/share/gennodejs/ros/rc_msgs/msg/serial.js)
Linked: (/home/h/RC2026/world_ws8/devel/.private/rc_msgs/share/gennodejs/ros/rc_msgs/msg/yolo_detector.js, /home/h/RC2026/world_ws8/devel/share/gennodejs/ros/rc_msgs/msg/yolo_detector.js)
Linked: (/home/h/RC2026/world_ws8/devel/.private/rc_msgs/share/gennodejs/ros/rc_msgs/msg/yolo_detectorArray.js, /home/h/RC2026/world_ws8/devel/share/gennodejs/ros/rc_msgs/msg/yolo_detectorArray.js)
Linked: (/home/h/RC2026/world_ws8/devel/.private/rc_msgs/share/common-lisp/ros/rc_msgs/msg/rc_msgs-msg.asd, /home/h/RC2026/world_ws8/devel/share/common-lisp/ros/rc_msgs/msg/rc_msgs-msg.asd)
Linked: (/home/h/RC2026/world_ws8/devel/.private/rc_msgs/share/common-lisp/ros/rc_msgs/msg/serial.lisp, /home/h/RC2026/world_ws8/devel/share/common-lisp/ros/rc_msgs/msg/serial.lisp)
Linked: (/home/h/RC2026/world_ws8/devel/.private/rc_msgs/share/common-lisp/ros/rc_msgs/msg/_package_yolo_detectorArray.lisp, /home/h/RC2026/world_ws8/devel/share/common-lisp/ros/rc_msgs/msg/_package_yolo_detectorArray.lisp)
Linked: (/home/h/RC2026/world_ws8/devel/.private/rc_msgs/share/common-lisp/ros/rc_msgs/msg/yolo_detectorArray.lisp, /home/h/RC2026/world_ws8/devel/share/common-lisp/ros/rc_msgs/msg/yolo_detectorArray.lisp)
Linked: (/home/h/RC2026/world_ws8/devel/.private/rc_msgs/share/common-lisp/ros/rc_msgs/msg/_package_yolo_detector.lisp, /home/h/RC2026/world_ws8/devel/share/common-lisp/ros/rc_msgs/msg/_package_yolo_detector.lisp)
Linked: (/home/h/RC2026/world_ws8/devel/.private/rc_msgs/share/common-lisp/ros/rc_msgs/msg/yolo_detector.lisp, /home/h/RC2026/world_ws8/devel/share/common-lisp/ros/rc_msgs/msg/yolo_detector.lisp)
Linked: (/home/h/RC2026/world_ws8/devel/.private/rc_msgs/share/common-lisp/ros/rc_msgs/msg/_package_serial.lisp, /home/h/RC2026/world_ws8/devel/share/common-lisp/ros/rc_msgs/msg/_package_serial.lisp)
Linked: (/home/h/RC2026/world_ws8/devel/.private/rc_msgs/share/common-lisp/ros/rc_msgs/msg/_package.lisp, /home/h/RC2026/world_ws8/devel/share/common-lisp/ros/rc_msgs/msg/_package.lisp)
Linked: (/home/h/RC2026/world_ws8/devel/.private/rc_msgs/lib/pkgconfig/rc_msgs.pc, /home/h/RC2026/world_ws8/devel/lib/pkgconfig/rc_msgs.pc)
Linked: (/home/h/RC2026/world_ws8/devel/.private/rc_msgs/lib/python3/dist-packages/rc_msgs/__init__.py, /home/h/RC2026/world_ws8/devel/lib/python3/dist-packages/rc_msgs/__init__.py)
Linked: (/home/h/RC2026/world_ws8/devel/.private/rc_msgs/lib/python3/dist-packages/rc_msgs/msg/_serial.py, /home/h/RC2026/world_ws8/devel/lib/python3/dist-packages/rc_msgs/msg/_serial.py)
Linked: (/home/h/RC2026/world_ws8/devel/.private/rc_msgs/lib/python3/dist-packages/rc_msgs/msg/_yolo_detectorArray.py, /home/h/RC2026/world_ws8/devel/lib/python3/dist-packages/rc_msgs/msg/_yolo_detectorArray.py)
Linked: (/home/h/RC2026/world_ws8/devel/.private/rc_msgs/lib/python3/dist-packages/rc_msgs/msg/__init__.py, /home/h/RC2026/world_ws8/devel/lib/python3/dist-packages/rc_msgs/msg/__init__.py)
Linked: (/home/h/RC2026/world_ws8/devel/.private/rc_msgs/lib/python3/dist-packages/rc_msgs/msg/_yolo_detector.py, /home/h/RC2026/world_ws8/devel/lib/python3/dist-packages/rc_msgs/msg/_yolo_detector.py)
