[  0%] Built target vision_msgs_generate_messages_py
[  0%] Built target std_msgs_generate_messages_lisp
[  0%] Built target vision_msgs_generate_messages_nodejs
[  0%] Built target geometry_msgs_generate_messages_nodejs
[  0%] Built target vision_msgs_generate_messages_lisp
[  0%] Built target std_msgs_generate_messages_eus
[  0%] Built target geometry_msgs_generate_messages_lisp
[  0%] Built target geometry_msgs_generate_messages_py
[  0%] Built target std_msgs_generate_messages_py
[  0%] Built target std_msgs_generate_messages_nodejs
[  0%] Built target std_msgs_generate_messages_cpp
[  0%] Built target geometry_msgs_generate_messages_eus
[  0%] Built target vision_msgs_generate_messages_eus
[  0%] Built target vision_msgs_generate_messages_cpp
[  0%] Built target geometry_msgs_generate_messages_cpp
[  0%] Built target _rc_msgs_generate_messages_check_deps_serial
[  0%] Built target _rc_msgs_generate_messages_check_deps_yolo_detector
[  0%] Built target _rc_msgs_generate_messages_check_deps_yolo_detectorArray
[ 94%] Built target rc_msgs_generate_messages_nodejs
[ 94%] Built target rc_msgs_generate_messages_lisp
[ 94%] Built target rc_msgs_generate_messages_cpp
[100%] Built target rc_msgs_generate_messages_eus
[100%] Built target rc_msgs_generate_messages_py
[100%] Built target rc_msgs_generate_messages
