Linked: (/home/h/RC2026/world_ws8/devel/.private/wpr_simulation/share/wpr_simulation/cmake/wpr_simulationConfig-version.cmake, /home/h/RC2026/world_ws8/devel/share/wpr_simulation/cmake/wpr_simulationConfig-version.cmake)
Linked: (/home/h/RC2026/world_ws8/devel/.private/wpr_simulation/share/wpr_simulation/cmake/wpr_simulationConfig.cmake, /home/h/RC2026/world_ws8/devel/share/wpr_simulation/cmake/wpr_simulationConfig.cmake)
Linked: (/home/h/RC2026/world_ws8/devel/.private/wpr_simulation/lib/libwpr_plugin.so, /home/h/RC2026/world_ws8/devel/lib/libwpr_plugin.so)
Linked: (/home/h/RC2026/world_ws8/devel/.private/wpr_simulation/lib/pkgconfig/wpr_simulation.pc, /home/h/RC2026/world_ws8/devel/lib/pkgconfig/wpr_simulation.pc)
Linked: (/home/h/RC2026/world_ws8/devel/.private/wpr_simulation/lib/wpr_simulation/demo_waypoint_navi, /home/h/RC2026/world_ws8/devel/lib/wpr_simulation/demo_waypoint_navi)
Linked: (/home/h/RC2026/world_ws8/devel/.private/wpr_simulation/lib/wpr_simulation/keyboard_vel_ctrl, /home/h/RC2026/world_ws8/devel/lib/wpr_simulation/keyboard_vel_ctrl)
Linked: (/home/h/RC2026/world_ws8/devel/.private/wpr_simulation/lib/wpr_simulation/demo_simple_goal, /home/h/RC2026/world_ws8/devel/lib/wpr_simulation/demo_simple_goal)
Linked: (/home/h/RC2026/world_ws8/devel/.private/wpr_simulation/lib/wpr_simulation/teleop_js_node, /home/h/RC2026/world_ws8/devel/lib/wpr_simulation/teleop_js_node)
Linked: (/home/h/RC2026/world_ws8/devel/.private/wpr_simulation/lib/wpr_simulation/demo_map_pub, /home/h/RC2026/world_ws8/devel/lib/wpr_simulation/demo_map_pub)
Linked: (/home/h/RC2026/world_ws8/devel/.private/wpr_simulation/lib/wpr_simulation/demo_lidar_behavior, /home/h/RC2026/world_ws8/devel/lib/wpr_simulation/demo_lidar_behavior)
Linked: (/home/h/RC2026/world_ws8/devel/.private/wpr_simulation/lib/wpr_simulation/demo_imu_data, /home/h/RC2026/world_ws8/devel/lib/wpr_simulation/demo_imu_data)
Linked: (/home/h/RC2026/world_ws8/devel/.private/wpr_simulation/lib/wpr_simulation/demo_sr_navigation, /home/h/RC2026/world_ws8/devel/lib/wpr_simulation/demo_sr_navigation)
Linked: (/home/h/RC2026/world_ws8/devel/.private/wpr_simulation/lib/wpr_simulation/demo_vel_ctrl, /home/h/RC2026/world_ws8/devel/lib/wpr_simulation/demo_vel_ctrl)
Linked: (/home/h/RC2026/world_ws8/devel/.private/wpr_simulation/lib/wpr_simulation/demo_map_tool, /home/h/RC2026/world_ws8/devel/lib/wpr_simulation/demo_map_tool)
Linked: (/home/h/RC2026/world_ws8/devel/.private/wpr_simulation/lib/wpr_simulation/wpr1_sim, /home/h/RC2026/world_ws8/devel/lib/wpr_simulation/wpr1_sim)
Linked: (/home/h/RC2026/world_ws8/devel/.private/wpr_simulation/lib/wpr_simulation/demo_cv_face_detect, /home/h/RC2026/world_ws8/devel/lib/wpr_simulation/demo_cv_face_detect)
Linked: (/home/h/RC2026/world_ws8/devel/.private/wpr_simulation/lib/wpr_simulation/demo_imu_behavior, /home/h/RC2026/world_ws8/devel/lib/wpr_simulation/demo_imu_behavior)
Linked: (/home/h/RC2026/world_ws8/devel/.private/wpr_simulation/lib/wpr_simulation/ball_random_move, /home/h/RC2026/world_ws8/devel/lib/wpr_simulation/ball_random_move)
Linked: (/home/h/RC2026/world_ws8/devel/.private/wpr_simulation/lib/wpr_simulation/demo_cv_hsv, /home/h/RC2026/world_ws8/devel/lib/wpr_simulation/demo_cv_hsv)
Linked: (/home/h/RC2026/world_ws8/devel/.private/wpr_simulation/lib/wpr_simulation/lidar_filter, /home/h/RC2026/world_ws8/devel/lib/wpr_simulation/lidar_filter)
Linked: (/home/h/RC2026/world_ws8/devel/.private/wpr_simulation/lib/wpr_simulation/demo_lidar_data, /home/h/RC2026/world_ws8/devel/lib/wpr_simulation/demo_lidar_data)
Linked: (/home/h/RC2026/world_ws8/devel/.private/wpr_simulation/lib/wpr_simulation/demo_cv_image, /home/h/RC2026/world_ws8/devel/lib/wpr_simulation/demo_cv_image)
Linked: (/home/h/RC2026/world_ws8/devel/.private/wpr_simulation/lib/wpr_simulation/wpb_home_sim, /home/h/RC2026/world_ws8/devel/lib/wpr_simulation/wpb_home_sim)
Linked: (/home/h/RC2026/world_ws8/devel/.private/wpr_simulation/lib/wpr_simulation/demo_cv_follow, /home/h/RC2026/world_ws8/devel/lib/wpr_simulation/demo_cv_follow)
